Wed Dec 22 12:39:02 CST 2004  [debug] AvalonLogSystem initialized using logfile 'velocity.log'
Wed Dec 22 12:39:02 CST 2004   [info] ************************************************************** 
Wed Dec 22 12:39:02 CST 2004   [info] Starting Jakarta Velocity v1.4-dev
Wed Dec 22 12:39:02 CST 2004   [info] RuntimeInstance initializing.
Wed Dec 22 12:39:02 CST 2004   [info] Default Properties File: org\apache\velocity\runtime\defaults\velocity.properties
Wed Dec 22 12:39:02 CST 2004   [info] Trying to use logger class org.apache.velocity.runtime.log.AvalonLogSystem
Wed Dec 22 12:39:02 CST 2004   [info] Using logger class org.apache.velocity.runtime.log.AvalonLogSystem
Wed Dec 22 12:39:02 CST 2004   [info] Default ResourceManager initializing. (class org.apache.velocity.runtime.resource.ResourceManagerImpl)
Wed Dec 22 12:39:02 CST 2004   [info] Resource Loader Instantiated: org.apache.velocity.runtime.resource.loader.FileResourceLoader
Wed Dec 22 12:39:02 CST 2004   [info] FileResourceLoader : initialization starting.
Wed Dec 22 12:39:02 CST 2004   [info] FileResourceLoader : adding path 'C:\Documents and Settings\jiaqi\Application Data\Maven\cache\maven-xdoc-plugin-1.8\plugin-resources/templates'
Wed Dec 22 12:39:02 CST 2004   [info] FileResourceLoader : initialization complete.
Wed Dec 22 12:39:02 CST 2004   [info] ResourceCache : initialized. (class org.apache.velocity.runtime.resource.ResourceCacheImpl)
Wed Dec 22 12:39:02 CST 2004   [info] Default ResourceManager initialization complete.
Wed Dec 22 12:39:02 CST 2004   [info] Loaded System Directive: org.apache.velocity.runtime.directive.Literal
Wed Dec 22 12:39:02 CST 2004   [info] Loaded System Directive: org.apache.velocity.runtime.directive.Macro
Wed Dec 22 12:39:02 CST 2004   [info] Loaded System Directive: org.apache.velocity.runtime.directive.Parse
Wed Dec 22 12:39:02 CST 2004   [info] Loaded System Directive: org.apache.velocity.runtime.directive.Include
Wed Dec 22 12:39:02 CST 2004   [info] Loaded System Directive: org.apache.velocity.runtime.directive.Foreach
Wed Dec 22 12:39:03 CST 2004   [info] Created: 20 parsers.
Wed Dec 22 12:39:03 CST 2004   [info] Velocimacro : initialization starting.
Wed Dec 22 12:39:03 CST 2004   [info] Velocimacro : adding VMs from VM library template : VM_global_library.vm
Wed Dec 22 12:39:03 CST 2004  [error] ResourceManager : unable to find resource 'VM_global_library.vm' in any resource loader.
Wed Dec 22 12:39:03 CST 2004   [info] Velocimacro : error using  VM library template VM_global_library.vm : org.apache.velocity.exception.ResourceNotFoundException: Unable to find resource 'VM_global_library.vm'
Wed Dec 22 12:39:03 CST 2004   [info] Velocimacro :  VM library template macro registration complete.
Wed Dec 22 12:39:03 CST 2004   [info] Velocimacro : allowInline = true : VMs can be defined inline in templates
Wed Dec 22 12:39:03 CST 2004   [info] Velocimacro : allowInlineToOverride = false : VMs defined inline may NOT replace previous VM definitions
Wed Dec 22 12:39:03 CST 2004   [info] Velocimacro : allowInlineLocal = false : VMs defined inline will be  global in scope if allowed.
Wed Dec 22 12:39:03 CST 2004   [info] Velocimacro : messages on  : VM system will output logging messages
Wed Dec 22 12:39:03 CST 2004   [info] Velocimacro : autoload off  : VM system will not automatically reload global library macros
Wed Dec 22 12:39:03 CST 2004   [info] Velocimacro : initialization complete.
Wed Dec 22 12:39:03 CST 2004   [info] Velocity successfully started.
Wed Dec 22 12:39:03 CST 2004   [info] ResourceManager : found cvs-usage.xml with loader org.apache.velocity.runtime.resource.loader.FileResourceLoader
Wed Dec 22 12:39:03 CST 2004   [info] ResourceManager : found index.xml with loader org.apache.velocity.runtime.resource.loader.FileResourceLoader
Wed Dec 22 12:39:03 CST 2004   [info] ResourceManager : found maven-reports.xml with loader org.apache.velocity.runtime.resource.loader.FileResourceLoader
Wed Dec 22 12:39:03 CST 2004   [info] ResourceManager : found dependencies.xml with loader org.apache.velocity.runtime.resource.loader.FileResourceLoader
Wed Dec 22 12:39:03 CST 2004   [info] ResourceManager : found issue-tracking.xml with loader org.apache.velocity.runtime.resource.loader.FileResourceLoader
Wed Dec 22 12:39:03 CST 2004   [info] Velocimacro : added new VM : #displayLink( label link ) : source = mail-lists.xml
Wed Dec 22 12:39:03 CST 2004   [info] ResourceManager : found mail-lists.xml with loader org.apache.velocity.runtime.resource.loader.FileResourceLoader
Wed Dec 22 12:39:03 CST 2004   [info] ResourceManager : found project-info.xml with loader org.apache.velocity.runtime.resource.loader.FileResourceLoader
Wed Dec 22 12:39:03 CST 2004   [info] ResourceManager : found team-list.xml with loader org.apache.velocity.runtime.resource.loader.FileResourceLoader
